Determining if the pthread_create exist failed with the following output:
Change Dir: /home/destinxxy/catkin_ws/src/rm2018_Simulation/plugins/src/RM_gazebo/cmake-build-debug/CMakeFiles/CMakeTmp

Run Build Command:"/usr/bin/make" "cmTC_b1098/fast"
/usr/bin/make -f CMakeFiles/cmTC_b1098.dir/build.make CMakeFiles/cmTC_b1098.dir/build
make[1]: Entering directory '/home/destinxxy/catkin_ws/src/rm2018_Simulation/plugins/src/RM_gazebo/cmake-build-debug/CMakeFiles/CMakeTmp'
Building C object CMakeFiles/cmTC_b1098.dir/CheckSymbolExists.c.o
/usr/bin/cc    -o CMakeFiles/cmTC_b1098.dir/CheckSymbolExists.c.o   -c /home/destinxxy/catkin_ws/src/rm2018_Simulation/plugins/src/RM_gazebo/cmake-build-debug/CMakeFiles/CMakeTmp/CheckSymbolExists.c
Linking C executable cmTC_b1098
/home/destinxxy/Program/clion-2017.3.2/bin/cmake/bin/cmake -E cmake_link_script CMakeFiles/cmTC_b1098.dir/link.txt --verbose=1
/usr/bin/cc      -rdynamic CMakeFiles/cmTC_b1098.dir/CheckSymbolExists.c.o  -o cmTC_b1098 
CMakeFiles/cmTC_b1098.dir/CheckSymbolExists.c.o：在函数‘main’中：
CheckSymbolExists.c:(.text+0x16)：对‘pthread_create’未定义的引用
collect2: error: ld returned 1 exit status
CMakeFiles/cmTC_b1098.dir/build.make:97: recipe for target 'cmTC_b1098' failed
make[1]: *** [cmTC_b1098] Error 1
make[1]: Leaving directory '/home/destinxxy/catkin_ws/src/rm2018_Simulation/plugins/src/RM_gazebo/cmake-build-debug/CMakeFiles/CMakeTmp'
Makefile:126: recipe for target 'cmTC_b1098/fast' failed
make: *** [cmTC_b1098/fast] Error 2

File /home/destinxxy/catkin_ws/src/rm2018_Simulation/plugins/src/RM_gazebo/cmake-build-debug/CMakeFiles/CMakeTmp/CheckSymbolExists.c:
/* */
#include <pthread.h>

int main(int argc, char** argv)
{
  (void)argv;
#ifndef pthread_create
  return ((int*)(&pthread_create))[argc];
#else
  (void)argc;
  return 0;
#endif
}

Determining if the function pthread_create exists in the pthreads failed with the following output:
Change Dir: /home/destinxxy/catkin_ws/src/rm2018_Simulation/plugins/src/RM_gazebo/cmake-build-debug/CMakeFiles/CMakeTmp

Run Build Command:"/usr/bin/make" "cmTC_df215/fast"
/usr/bin/make -f CMakeFiles/cmTC_df215.dir/build.make CMakeFiles/cmTC_df215.dir/build
make[1]: Entering directory '/home/destinxxy/catkin_ws/src/rm2018_Simulation/plugins/src/RM_gazebo/cmake-build-debug/CMakeFiles/CMakeTmp'
Building C object CMakeFiles/cmTC_df215.dir/CheckFunctionExists.c.o
/usr/bin/cc   -DCHECK_FUNCTION_EXISTS=pthread_create   -o CMakeFiles/cmTC_df215.dir/CheckFunctionExists.c.o   -c /home/destinxxy/Program/clion-2017.3.2/bin/cmake/share/cmake-3.9/Modules/CheckFunctionExists.c
Linking C executable cmTC_df215
/home/destinxxy/Program/clion-2017.3.2/bin/cmake/bin/cmake -E cmake_link_script CMakeFiles/cmTC_df215.dir/link.txt --verbose=1
/usr/bin/cc  -DCHECK_FUNCTION_EXISTS=pthread_create    -rdynamic CMakeFiles/cmTC_df215.dir/CheckFunctionExists.c.o  -o cmTC_df215 -lpthreads 
/usr/bin/ld: 找不到 -lpthreads
collect2: error: ld returned 1 exit status
CMakeFiles/cmTC_df215.dir/build.make:97: recipe for target 'cmTC_df215' failed
make[1]: *** [cmTC_df215] Error 1
make[1]: Leaving directory '/home/destinxxy/catkin_ws/src/rm2018_Simulation/plugins/src/RM_gazebo/cmake-build-debug/CMakeFiles/CMakeTmp'
Makefile:126: recipe for target 'cmTC_df215/fast' failed
make: *** [cmTC_df215/fast] Error 2


